<?xml version="1.0" encoding="UTF-8"?>
<testng-results ignored="0" total="1" passed="1" failed="0" skipped="0">
  <reporter-output>
    <line>
      <![CDATA[login successful]]>
    </line>
  </reporter-output>
  <suite started-at="2024-05-09T11:46:29 IST" name="Default suite" finished-at="2024-05-09T11:46:41 IST" duration-ms="11914">
    <groups>
      <group name="endtoend">
        <method signature="TC02_Login.register()[pri:0, instance:demo_web_shop.TC02_Login@49912c99]" name="register" class="demo_web_shop.TC02_Login"/>
      </group> <!-- endtoend -->
    </groups>
    <test started-at="2024-05-09T11:46:29 IST" name="Default test" finished-at="2024-05-09T11:46:41 IST" duration-ms="11914">
      <class name="demo_web_shop.TC02_Login">
        <test-method signature="register()[pri:0, instance:demo_web_shop.TC02_Login@49912c99]" started-at="2024-05-09T11:46:29 IST" name="register" finished-at="2024-05-09T11:46:41 IST" duration-ms="11858" status="PASS">
          <reporter-output>
            <line>
              <![CDATA[login successful]]>
            </line>
          </reporter-output>
        </test-method> <!-- register -->
      </class> <!-- demo_web_shop.TC02_Login -->
    </test> <!-- Default test -->
  </suite> <!-- Default suite -->
</testng-results>
